<?xml version="1.0" encoding="UTF-8"?>
<testsuite name="repository.H2ToDoRepositoryIntegTest" tests="1" skipped="0" failures="0" errors="0" timestamp="2017-12-24T14:23:39" hostname="PC-Kurt" time="0.586">
  <properties/>
  <testcase name="testInsertToDoItem" classname="repository.H2ToDoRepositoryIntegTest" time="0.586"/>
  <system-out><![CDATA[]]></system-out>
  <system-err><![CDATA[]]></system-err>
</testsuite>
