<?xml version="1.0" encoding="UTF-8"?>
<testsuite name="repository.InMemoryToDoRepositoryNGTest" tests="1" skipped="0" failures="0" errors="0" timestamp="2018-07-15T11:44:49" hostname="PC-Kurt" time="0.009">
  <properties/>
  <testcase name="testToDoItem" classname="repository.InMemoryToDoRepositoryNGTest" time="0.009"/>
  <system-out><![CDATA[]]></system-out>
  <system-err><![CDATA[]]></system-err>
</testsuite>
