<?xml version="1.0" encoding="UTF-8"?>
<testsuite name="repository.InMemoryToDoRepositoryTest" tests="1" skipped="0" failures="0" errors="0" timestamp="2018-07-15T11:44:49" hostname="PC-Kurt" time="0.006">
  <properties/>
  <testcase name="insertToDoItem" classname="repository.InMemoryToDoRepositoryTest" time="0.006"/>
  <system-out><![CDATA[]]></system-out>
  <system-err><![CDATA[]]></system-err>
</testsuite>
