<?xml version="1.0" encoding="UTF-8"?>
<testsuite name="repository.InMemoryToDoRepositoryTest" tests="2" skipped="0" failures="0" errors="0" timestamp="2017-12-24T14:23:35" hostname="PC-Kurt" time="0.008">
  <properties/>
  <testcase name="insertToDoItems" classname="repository.InMemoryToDoRepositoryTest" time="0.007"/>
  <testcase name="insertToDoItem" classname="repository.InMemoryToDoRepositoryTest" time="0.0"/>
  <system-out><![CDATA[Creating 1 To Do items.
]]></system-out>
  <system-err><![CDATA[]]></system-err>
</testsuite>
